0 info it worked if it ends with ok
1 verbose cli [ 'C:\\Program Files\\nodejs\\node.exe',
1 verbose cli   'C:\\Program Files\\nodejs\\node_modules\\npm\\bin\\npm-cli.js',
1 verbose cli   'run',
1 verbose cli   'watch' ]
2 info using npm@4.0.1
3 info using node@v6.9.4
4 verbose run-script [ 'prewatch', 'watch', 'postwatch' ]
5 info lifecycle @~prewatch: @
6 silly lifecycle @~prewatch: no script for prewatch, continuing
7 info lifecycle @~watch: @
8 verbose lifecycle @~watch: unsafe-perm in lifecycle true
9 verbose lifecycle @~watch: PATH: C:\Program Files\nodejs\node_modules\npm\bin\node-gyp-bin;C:\xampp\htdocs\Meethink\node_modules\.bin;C:\Program Files (x86)\Common Files\Intel\Shared Libraries\redist\intel64\compiler;C:\ProgramData\Oracle\Java\javapath;C:\Program Files (x86)\Intel\iCLS Client\;C:\Program Files\Intel\iCLS Client\;C:\Windows\system32;C:\Windows;C:\Windows\System32\Wbem;C:\Windows\System32\WindowsPowerShell\v1.0\;C:\xampp\php;C:\ProgramData\ComposerSetup\bin;C:\Program Files\nodejs\;C:\Program Files (x86)\Intel\Intel(R) Management Engine Components\DAL;C:\Program Files\Intel\Intel(R) Management Engine Components\DAL;C:\Program Files (x86)\Intel\Intel(R) Management Engine Components\IPT;C:\xampp\mysql\bin;"C:\Users\Alienware 17 R3\AppData\Roaming\Composer\vendor\drush\drush";C:\Program Files (x86)\GtkSharp\2.12\bin;C:\Program Files\PuTTY\;C:\Program Files (x86)\NVIDIA Corporation\PhysX\Common;C:\WINDOWS\system32;C:\WINDOWS;C:\WINDOWS\System32\Wbem;C:\WINDOWS\System32\WindowsPowerShell\v1.0\;C:\Program Files\Microsoft SQL Server\120\Tools\Binn\;C:\Program Files\Microsoft SQL Server\130\Tools\Binn\;C:\Program Files\dotnet\;C:\Program Files (x86)\QuickTime\QTSystem\;C:\ProgramData\chocolatey\bin;C:\Program Files\Git\cmd;C:\Ruby23-x64\bin;C:\Users\Alienware 17 R3\AppData\Local\Microsoft\WindowsApps;C:\Users\Alienware 17 R3\AppData\Roaming\Composer\vendor\bin;C:\Users\Alienware 17 R3\AppData\Roaming\npm;C:\Program Files\Microsoft VS Code\bin;C:\Users\Alienware 17 R3\AppData\Local\Microsoft\WindowsApps;
10 verbose lifecycle @~watch: CWD: C:\xampp\htdocs\Meethink
11 silly lifecycle @~watch: Args: [ '/d /s /c',
11 silly lifecycle   'cross-env NODE_ENV=development node_modules/webpack/bin/webpack.js --watch --progress --hide-modules --config=node_modules/laravel-mix/setup/webpack.config.js' ]
12 verbose stack Error: kill ENOSYS
12 verbose stack     at exports._errnoException (util.js:1022:11)
12 verbose stack     at process.kill (internal/process.js:172:13)
12 verbose stack     at process.listener (C:\Program Files\nodejs\node_modules\npm\node_modules\npmlog\node_modules\gauge\node_modules\signal-exit\index.js:86:15)
12 verbose stack     at emitNone (events.js:91:20)
12 verbose stack     at process.emit (events.js:185:7)
12 verbose stack     at processEmit (C:\Program Files\nodejs\node_modules\npm\node_modules\npmlog\node_modules\gauge\node_modules\signal-exit\index.js:146:32)
12 verbose stack     at processEmit (C:\Program Files\nodejs\node_modules\npm\node_modules\npm-registry-client\node_modules\npmlog\node_modules\gauge\node_modules\signal-exit\index.js:146:32)
12 verbose stack     at Signal.wrap.onsignal (internal/process.js:199:44)
13 verbose cwd C:\xampp\htdocs\Meethink
14 error Windows_NT 10.0.16299
15 error argv "C:\\Program Files\\nodejs\\node.exe" "C:\\Program Files\\nodejs\\node_modules\\npm\\bin\\npm-cli.js" "run" "watch"
16 error node v6.9.4
17 error npm  v4.0.1
18 error code ENOSYS
19 error errno ENOSYS
20 error syscall kill
21 error kill ENOSYS
22 error If you need help, you may report this error at:
22 error     <https://github.com/npm/npm/issues>
23 verbose exit [ 1, true ]
